Running: C:\Xilinx\14.7\ISE_DS\ISE\bin\nt64\unwrapped\fuse.exe -intstyle ise -incremental -o C:/Users/FAMILIA-ESCOBAR/Documents/Alejandro docs/1UTP/Arquitectura de computadores/Project1/instructionMermory/InstructionMemory_p1_tb_isim_beh.exe -prj C:/Users/FAMILIA-ESCOBAR/Documents/Alejandro docs/1UTP/Arquitectura de computadores/Project1/instructionMermory/InstructionMemory_p1_tb_beh.prj work.InstructionMemory_p1_tb 
ISim P.20131013 (signature 0x7708f090)
Number of CPUs detected in this system: 4
Turning on mult-threading, number of parallel sub-compilation jobs: 8 
Determining compilation order of HDL files
Parsing VHDL file "C:/Users/FAMILIA-ESCOBAR/Documents/Alejandro docs/1UTP/Arquitectura de computadores/Project1/instructionMermory/InstructionMemory_p1.vhd" into library work
Parsing VHDL file "C:/Users/FAMILIA-ESCOBAR/Documents/Alejandro docs/1UTP/Arquitectura de computadores/Project1/instructionMermory/InstructionMemory_p1_tb.vhd" into library work
Starting static elaboration
Completed static elaboration
Compiling package standard
Compiling package std_logic_1164
Compiling package std_logic_arith
Compiling package std_logic_unsigned
Compiling architecture behavioral of entity InstructionMemory_p1 [instructionmemory_p1_default]
Compiling architecture behavior of entity instructionmemory_p1_tb
Time Resolution for simulation is 1ps.
Waiting for 1 sub-compilation(s) to finish...
Compiled 7 VHDL Units
Built simulation executable C:/Users/FAMILIA-ESCOBAR/Documents/Alejandro docs/1UTP/Arquitectura de computadores/Project1/instructionMermory/InstructionMemory_p1_tb_isim_beh.exe
Fuse Memory Usage: 33432 KB
Fuse CPU Usage: 703 ms
