Command line:
   InstructionMemory_p1_tb_isim_beh.exe
     -simmode  gui
     -simrunnum  0
     -socket  58536

Fri Apr 07 12:32:03 2017


 Elaboration Time: 0.0625 sec

 Current Memory Usage: 840.229 Meg

 Total Signals          : 7
 Total Nets             : 2113
 Total Signal Drivers   : 3
 Total Blocks           : 5
 Total Primitive Blocks : 4
 Total Processes        : 2
 Total Traceable Variables  : 10
 Total Scalar Nets and Variables : 2491
Total Line Count : 25

 Total Simulation Time: 0.109375 sec

 Current Memory Usage: 682.942 Meg

Fri Apr 07 12:34:01 2017

