Command line:
   Adder_p1_TB_isim_beh.exe
     -simmode  gui
     -simrunnum  0
     -socket  51091

Thu Apr 06 12:38:51 2017


 Elaboration Time: 0.046875 sec

 Current Memory Usage: 368.144 Meg

 Total Signals          : 4
 Total Nets             : 64
 Total Signal Drivers   : 2
 Total Blocks           : 4
 Total Primitive Blocks : 3
 Total Processes        : 2
 Total Traceable Variables  : 13
 Total Scalar Nets and Variables : 547
Total Line Count : 4

 Total Simulation Time: 0.0625 sec

 Current Memory Usage: 368.144 Meg

Thu Apr 06 12:39:00 2017

