Command line:
   RegisterFile_TB_isim_beh.exe
     -simmode  gui
     -simrunnum  0
     -socket  58419

Fri Apr 07 12:12:41 2017


 Elaboration Time: 0.046875 sec

 Current Memory Usage: 839.791 Meg

 Total Signals          : 15
 Total Nets             : 1392
 Total Signal Drivers   : 8
 Total Blocks           : 5
 Total Primitive Blocks : 4
 Total Processes        : 2
 Total Traceable Variables  : 10
 Total Scalar Nets and Variables : 1770
Total Line Count : 27

 Total Simulation Time: 0.0625 sec

 Current Memory Usage: 839.791 Meg

Fri Apr 07 12:13:04 2017

