Command line:
   Procesador_uno_TB_isim_beh.exe
     -simmode  gui
     -simrunnum  0
     -socket  58686

Fri Apr 07 13:21:27 2017


 Elaboration Time: 0.0625 sec

 Current Memory Usage: 844.554 Meg

 Total Signals          : 52
 Total Nets             : 3675
 Total Signal Drivers   : 15
 Total Blocks           : 15
 Total Primitive Blocks : 13
 Total Processes        : 13
 Total Traceable Variables  : 16
 Total Scalar Nets and Variables : 4177
Total Line Count : 59

 Total Simulation Time: 0.453125 sec

 Current Memory Usage: 687.268 Meg

Fri Apr 07 13:32:37 2017

