Command line:
   Control_Unity_TB_isim_beh.exe
     -simmode  gui
     -simrunnum  0
     -socket  50963

Wed Apr 05 17:35:10 2017


 Elaboration Time: 0.0312 sec

 Current Memory Usage: 667.021 Meg

 Total Signals          : 6
 Total Nets             : 14
 Total Signal Drivers   : 3
 Total Blocks           : 3
 Total Primitive Blocks : 2
 Total Processes        : 2
 Total Traceable Variables  : 8
 Total Scalar Nets and Variables : 374
Total Line Count : 18

 Total Simulation Time: 0.0468 sec

 Current Memory Usage: 667.021 Meg

Wed Apr 05 17:35:25 2017

